<?xml version="1.0" encoding="UTF-8"?>
<robot generator="Robot 6.0.2 (Python 3.11.1 on linux)" generated="20230122 19:11:05.650" rpa="false" schemaversion="3">
<suite id="s1" name="Machine" source="/usr/src/app/test/system/machine.robot">
<test id="s1-t1" name="Do a GET Request and validate the response code and response body" line="13">
<kw name="Create Session" library="RequestsLibrary">
<arg>mysession</arg>
<arg>${BASE_URL}</arg>
<arg>verify=true</arg>
<doc>Create Session: create a HTTP session to a server</doc>
<msg timestamp="20230122 19:11:05.934" level="INFO">Creating Session using : alias=mysession, url=http://application:5000/, headers={},                     cookies={}, auth=None, timeout=None, proxies=None, verify=True,                     debug=0 </msg>
<status status="PASS" starttime="20230122 19:11:05.934" endtime="20230122 19:11:05.934"/>
</kw>
<kw name="GET On Session" library="RequestsLibrary">
<var>${response}</var>
<arg>mysession</arg>
<arg>/machines</arg>
<doc>Sends a GET request on a previously created HTTP Session.</doc>
<msg timestamp="20230122 19:11:05.951" level="INFO">GET Request : url=http://application:5000/machines 
 path_url=/machines 
 headers={'User-Agent': 'python-requests/2.28.2', 'Accept-Encoding': 'gzip, deflate', 'Accept': '*/*', 'Connection': 'keep-alive'} 
 body=None 
 </msg>
<msg timestamp="20230122 19:11:05.951" level="INFO">GET Response : url=http://application:5000/machines 
 status=200, reason=OK 
 headers={'Server': 'Werkzeug/2.2.2 Python/3.11.1', 'Date': 'Sun, 22 Jan 2023 19:11:05 GMT', 'Content-Type': 'application/json', 'Content-Length': '58', 'Connection': 'close'} 
 body={"machines":{"donnees":"mes donnees \u00e0 \u00e9crire"}}
 
 </msg>
<msg timestamp="20230122 19:11:05.951" level="INFO">${response} = &lt;Response [200]&gt;</msg>
<status status="PASS" starttime="20230122 19:11:05.936" endtime="20230122 19:11:05.951"/>
</kw>
<kw name="Status Should Be" library="RequestsLibrary">
<arg>200</arg>
<arg>${response}</arg>
<doc>Fails if response status code is different than the expected.</doc>
<status status="PASS" starttime="20230122 19:11:05.955" endtime="20230122 19:11:05.956"/>
</kw>
<doc>This test case verifies that the response code of the GET Request should be 200,
the response body contains the 'title' key with value as 'London',
and the response body contains the key 'location_type'.</doc>
<tag>Smoke</tag>
<status status="PASS" starttime="20230122 19:11:05.933" endtime="20230122 19:11:05.956"/>
</test>
<doc>API Testing in Robot Framework</doc>
<status status="PASS" starttime="20230122 19:11:05.651" endtime="20230122 19:11:05.956"/>
</suite>
<statistics>
<total>
<stat pass="1" fail="0" skip="0">All Tests</stat>
</total>
<tag>
<stat pass="1" fail="0" skip="0">Smoke</stat>
</tag>
<suite>
<stat pass="1" fail="0" skip="0" id="s1" name="Machine">Machine</stat>
</suite>
</statistics>
<errors>
</errors>
</robot>
